<?xml version="1.0" encoding="UTF-8"?>
<!-- Generated by org.testng.reporters.JUnitReportReporter -->
<testsuite hostname="Paru05" failures="0" tests="1" name="pack.NewTest" time="0.009" errors="0" timestamp="2024-02-27T12:15:33 IST" skipped="0">
  <testcase classname="pack.NewTest" name="f" time="0.009"/>
  <system-out/>
</testsuite> <!-- pack.NewTest -->
